2024-11-20 12:28:49,573 INFO b.c.b.s.SpringBatch05SkipexceptionApplication [main] Starting SpringBatch05SkipexceptionApplication on desktop with PID 47233 (/home/brian/Documentos/workspace/spring-batch/spring_batch_05_skipexception/target/classes started by brian in /home/brian/Documentos/workspace/spring-batch/spring_batch_05_skipexception)
2024-11-20 12:28:49,579 INFO b.c.b.s.SpringBatch05SkipexceptionApplication [main] No active profile set, falling back to default profiles: default
2024-11-20 12:28:50,518 INFO c.z.h.HikariDataSource [main] HikariPool-1 - Starting...
2024-11-20 12:28:51,191 INFO c.z.h.HikariDataSource [main] HikariPool-1 - Start completed.
2024-11-20 12:28:51,390 INFO b.c.b.s.SpringBatch05SkipexceptionApplication [main] Started SpringBatch05SkipexceptionApplication in 2.912 seconds (JVM running for 4.049)
2024-11-20 12:28:51,402 INFO c.z.h.HikariDataSource [SpringContextShutdownHook] HikariPool-1 - Shutdown initiated...
2024-11-20 12:28:51,414 INFO c.z.h.HikariDataSource [SpringContextShutdownHook] HikariPool-1 - Shutdown completed.
2024-11-20 12:29:24,131 INFO b.c.b.s.SpringBatch05SkipexceptionApplication [main] Starting SpringBatch05SkipexceptionApplication on desktop with PID 47690 (/home/brian/Documentos/workspace/spring-batch/spring_batch_05_skipexception/target/classes started by brian in /home/brian/Documentos/workspace/spring-batch/spring_batch_05_skipexception)
2024-11-20 12:29:24,137 INFO b.c.b.s.SpringBatch05SkipexceptionApplication [main] No active profile set, falling back to default profiles: default
2024-11-20 12:29:25,019 INFO c.z.h.HikariDataSource [main] HikariPool-1 - Starting...
2024-11-20 12:29:25,564 INFO c.z.h.HikariDataSource [main] HikariPool-1 - Start completed.
2024-11-20 12:29:25,735 INFO b.c.b.s.SpringBatch05SkipexceptionApplication [main] Started SpringBatch05SkipexceptionApplication in 2.684 seconds (JVM running for 3.681)
2024-11-20 12:29:25,744 INFO c.z.h.HikariDataSource [SpringContextShutdownHook] HikariPool-1 - Shutdown initiated...
2024-11-20 12:29:25,763 INFO c.z.h.HikariDataSource [SpringContextShutdownHook] HikariPool-1 - Shutdown completed.
2024-12-04 08:46:27,961 INFO b.c.b.s.SpringBatch05SkipexceptionApplication [main] Starting SpringBatch05SkipexceptionApplication on ubuntu2204 with PID 13601 (/home/brian/Documentos/workspace/spring-batch/spring_batch_05_skipexception/target/classes started by brian in /home/brian/Documentos/workspace/spring-batch/spring_batch_05_skipexception)
2024-12-04 08:46:27,967 INFO b.c.b.s.SpringBatch05SkipexceptionApplication [main] No active profile set, falling back to default profiles: default
2024-12-04 08:46:28,970 INFO c.z.h.HikariDataSource [main] HikariPool-1 - Starting...
2024-12-04 08:46:30,168 ERROR c.z.h.p.HikariPool [main] HikariPool-1 - Exception during pool initialization.
com.mysql.cj.jdbc.exceptions.CommunicationsException: Communications link failure

The last packet sent successfully to the server was 0 milliseconds ago. The driver has not received any packets from the server.
	at com.mysql.cj.jdbc.exceptions.SQLError.createCommunicationsException(SQLError.java:174) ~[mysql-connector-j-8.2.0.jar:8.2.0]
	at com.mysql.cj.jdbc.exceptions.SQLExceptionsMapping.translateException(SQLExceptionsMapping.java:64) ~[mysql-connector-j-8.2.0.jar:8.2.0]
	at com.mysql.cj.jdbc.ConnectionImpl.createNewIO(ConnectionImpl.java:815) ~[mysql-connector-j-8.2.0.jar:8.2.0]
	at com.mysql.cj.jdbc.ConnectionImpl.<init>(ConnectionImpl.java:438) ~[mysql-connector-j-8.2.0.jar:8.2.0]
	at com.mysql.cj.jdbc.ConnectionImpl.getInstance(ConnectionImpl.java:241) ~[mysql-connector-j-8.2.0.jar:8.2.0]
	at com.mysql.cj.jdbc.NonRegisteringDriver.connect(NonRegisteringDriver.java:189) ~[mysql-connector-j-8.2.0.jar:8.2.0]
	at com.zaxxer.hikari.util.DriverDataSource.getConnection(DriverDataSource.java:138) ~[HikariCP-3.4.3.jar:?]
	at com.zaxxer.hikari.pool.PoolBase.newConnection(PoolBase.java:358) ~[HikariCP-3.4.3.jar:?]
	at com.zaxxer.hikari.pool.PoolBase.newPoolEntry(PoolBase.java:206) ~[HikariCP-3.4.3.jar:?]
	at com.zaxxer.hikari.pool.HikariPool.createPoolEntry(HikariPool.java:477) ~[HikariCP-3.4.3.jar:?]
	at com.zaxxer.hikari.pool.HikariPool.checkFailFast(HikariPool.java:560) ~[HikariCP-3.4.3.jar:?]
	at com.zaxxer.hikari.pool.HikariPool.<init>(HikariPool.java:115) ~[HikariCP-3.4.3.jar:?]
	at com.zaxxer.hikari.HikariDataSource.getConnection(HikariDataSource.java:112) ~[HikariCP-3.4.3.jar:?]
	at org.springframework.jdbc.datasource.DataSourceUtils.fetchConnection(DataSourceUtils.java:158) ~[spring-jdbc-5.2.6.RELEASE.jar:5.2.6.RELEASE]
	at org.springframework.jdbc.datasource.DataSourceUtils.doGetConnection(DataSourceUtils.java:116) ~[spring-jdbc-5.2.6.RELEASE.jar:5.2.6.RELEASE]
	at org.springframework.jdbc.datasource.DataSourceUtils.getConnection(DataSourceUtils.java:79) ~[spring-jdbc-5.2.6.RELEASE.jar:5.2.6.RELEASE]
	at org.springframework.jdbc.core.JdbcTemplate.execute(JdbcTemplate.java:324) ~[spring-jdbc-5.2.6.RELEASE.jar:5.2.6.RELEASE]
	at org.springframework.boot.jdbc.EmbeddedDatabaseConnection.isEmbedded(EmbeddedDatabaseConnection.java:120) ~[spring-boot-2.2.7.RELEASE.jar:2.2.7.RELEASE]
	at org.springframework.boot.autoconfigure.jdbc.DataSourceInitializer.isEmbedded(DataSourceInitializer.java:136) ~[spring-boot-autoconfigure-2.2.7.RELEASE.jar:2.2.7.RELEASE]
	at org.springframework.boot.autoconfigure.jdbc.DataSourceInitializer.isEnabled(DataSourceInitializer.java:128) ~[spring-boot-autoconfigure-2.2.7.RELEASE.jar:2.2.7.RELEASE]
	at org.springframework.boot.autoconfigure.jdbc.DataSourceInitializer.createSchema(DataSourceInitializer.java:95) ~[spring-boot-autoconfigure-2.2.7.RELEASE.jar:2.2.7.RELEASE]
	at org.springframework.boot.autoconfigure.jdbc.DataSourceInitializerInvoker.afterPropertiesSet(DataSourceInitializerInvoker.java:63) ~[spring-boot-autoconfigure-2.2.7.RELEASE.jar:2.2.7.RELEASE]
	at org.springframework.beans.factory.support.AbstractAutowireCapableBeanFactory.invokeInitMethods(AbstractAutowireCapableBeanFactory.java:1855) ~[spring-beans-5.2.6.RELEASE.jar:5.2.6.RELEASE]
	at org.springframework.beans.factory.support.AbstractAutowireCapableBeanFactory.initializeBean(AbstractAutowireCapableBeanFactory.java:1792) ~[spring-beans-5.2.6.RELEASE.jar:5.2.6.RELEASE]
	at org.springframework.beans.factory.support.AbstractAutowireCapableBeanFactory.doCreateBean(AbstractAutowireCapableBeanFactory.java:595) ~[spring-beans-5.2.6.RELEASE.jar:5.2.6.RELEASE]
	at org.springframework.beans.factory.support.AbstractAutowireCapableBeanFactory.createBean(AbstractAutowireCapableBeanFactory.java:517) ~[spring-beans-5.2.6.RELEASE.jar:5.2.6.RELEASE]
	at org.springframework.beans.factory.support.AbstractBeanFactory.lambda$doGetBean$0(AbstractBeanFactory.java:323) ~[spring-beans-5.2.6.RELEASE.jar:5.2.6.RELEASE]
	at org.springframework.beans.factory.support.DefaultSingletonBeanRegistry.getSingleton(DefaultSingletonBeanRegistry.java:226) ~[spring-beans-5.2.6.RELEASE.jar:5.2.6.RELEASE]
	at org.springframework.beans.factory.support.AbstractBeanFactory.doGetBean(AbstractBeanFactory.java:321) ~[spring-beans-5.2.6.RELEASE.jar:5.2.6.RELEASE]
	at org.springframework.beans.factory.support.AbstractBeanFactory.getBean(AbstractBeanFactory.java:227) ~[spring-beans-5.2.6.RELEASE.jar:5.2.6.RELEASE]
	at org.springframework.beans.factory.support.DefaultListableBeanFactory.resolveNamedBean(DefaultListableBeanFactory.java:1174) ~[spring-beans-5.2.6.RELEASE.jar:5.2.6.RELEASE]
	at org.springframework.beans.factory.support.DefaultListableBeanFactory.resolveBean(DefaultListableBeanFactory.java:422) ~[spring-beans-5.2.6.RELEASE.jar:5.2.6.RELEASE]
	at org.springframework.beans.factory.support.DefaultListableBeanFactory.getBean(DefaultListableBeanFactory.java:352) ~[spring-beans-5.2.6.RELEASE.jar:5.2.6.RELEASE]
	at org.springframework.beans.factory.support.DefaultListableBeanFactory.getBean(DefaultListableBeanFactory.java:345) ~[spring-beans-5.2.6.RELEASE.jar:5.2.6.RELEASE]
	at org.springframework.boot.autoconfigure.jdbc.DataSourceInitializerPostProcessor.postProcessAfterInitialization(DataSourceInitializerPostProcessor.java:52) ~[spring-boot-autoconfigure-2.2.7.RELEASE.jar:2.2.7.RELEASE]
	at org.springframework.beans.factory.support.AbstractAutowireCapableBeanFactory.applyBeanPostProcessorsAfterInitialization(AbstractAutowireCapableBeanFactory.java:431) ~[spring-beans-5.2.6.RELEASE.jar:5.2.6.RELEASE]
	at org.springframework.beans.factory.support.AbstractAutowireCapableBeanFactory.initializeBean(AbstractAutowireCapableBeanFactory.java:1800) ~[spring-beans-5.2.6.RELEASE.jar:5.2.6.RELEASE]
	at org.springframework.beans.factory.support.AbstractAutowireCapableBeanFactory.doCreateBean(AbstractAutowireCapableBeanFactory.java:595) ~[spring-beans-5.2.6.RELEASE.jar:5.2.6.RELEASE]
	at org.springframework.beans.factory.support.AbstractAutowireCapableBeanFactory.createBean(AbstractAutowireCapableBeanFactory.java:517) ~[spring-beans-5.2.6.RELEASE.jar:5.2.6.RELEASE]
	at org.springframework.beans.factory.support.AbstractBeanFactory.lambda$doGetBean$0(AbstractBeanFactory.java:323) ~[spring-beans-5.2.6.RELEASE.jar:5.2.6.RELEASE]
	at org.springframework.beans.factory.support.DefaultSingletonBeanRegistry.getSingleton(DefaultSingletonBeanRegistry.java:226) ~[spring-beans-5.2.6.RELEASE.jar:5.2.6.RELEASE]
	at org.springframework.beans.factory.support.AbstractBeanFactory.doGetBean(AbstractBeanFactory.java:321) ~[spring-beans-5.2.6.RELEASE.jar:5.2.6.RELEASE]
	at org.springframework.beans.factory.support.AbstractBeanFactory.getBean(AbstractBeanFactory.java:202) ~[spring-beans-5.2.6.RELEASE.jar:5.2.6.RELEASE]
	at org.springframework.beans.factory.config.DependencyDescriptor.resolveCandidate(DependencyDescriptor.java:276) ~[spring-beans-5.2.6.RELEASE.jar:5.2.6.RELEASE]
	at org.springframework.beans.factory.support.DefaultListableBeanFactory.doResolveDependency(DefaultListableBeanFactory.java:1306) ~[spring-beans-5.2.6.RELEASE.jar:5.2.6.RELEASE]
	at org.springframework.beans.factory.support.DefaultListableBeanFactory.resolveDependency(DefaultListableBeanFactory.java:1226) ~[spring-beans-5.2.6.RELEASE.jar:5.2.6.RELEASE]
	at org.springframework.beans.factory.annotation.AutowiredAnnotationBeanPostProcessor$AutowiredFieldElement.inject(AutowiredAnnotationBeanPostProcessor.java:640) ~[spring-beans-5.2.6.RELEASE.jar:5.2.6.RELEASE]
	at org.springframework.beans.factory.annotation.InjectionMetadata.inject(InjectionMetadata.java:130) ~[spring-beans-5.2.6.RELEASE.jar:5.2.6.RELEASE]
	at org.springframework.beans.factory.annotation.AutowiredAnnotationBeanPostProcessor.postProcessProperties(AutowiredAnnotationBeanPostProcessor.java:399) ~[spring-beans-5.2.6.RELEASE.jar:5.2.6.RELEASE]
	at org.springframework.beans.factory.support.AbstractAutowireCapableBeanFactory.populateBean(AbstractAutowireCapableBeanFactory.java:1422) ~[spring-beans-5.2.6.RELEASE.jar:5.2.6.RELEASE]
	at org.springframework.beans.factory.support.AbstractAutowireCapableBeanFactory.doCreateBean(AbstractAutowireCapableBeanFactory.java:594) ~[spring-beans-5.2.6.RELEASE.jar:5.2.6.RELEASE]
	at org.springframework.beans.factory.support.AbstractAutowireCapableBeanFactory.createBean(AbstractAutowireCapableBeanFactory.java:517) ~[spring-beans-5.2.6.RELEASE.jar:5.2.6.RELEASE]
	at org.springframework.beans.factory.support.AbstractBeanFactory.lambda$doGetBean$0(AbstractBeanFactory.java:323) ~[spring-beans-5.2.6.RELEASE.jar:5.2.6.RELEASE]
	at org.springframework.beans.factory.support.DefaultSingletonBeanRegistry.getSingleton(DefaultSingletonBeanRegistry.java:226) ~[spring-beans-5.2.6.RELEASE.jar:5.2.6.RELEASE]
	at org.springframework.beans.factory.support.AbstractBeanFactory.doGetBean(AbstractBeanFactory.java:321) ~[spring-beans-5.2.6.RELEASE.jar:5.2.6.RELEASE]
	at org.springframework.beans.factory.support.AbstractBeanFactory.getBean(AbstractBeanFactory.java:202) ~[spring-beans-5.2.6.RELEASE.jar:5.2.6.RELEASE]
	at org.springframework.beans.factory.support.ConstructorResolver.instantiateUsingFactoryMethod(ConstructorResolver.java:409) ~[spring-beans-5.2.6.RELEASE.jar:5.2.6.RELEASE]
	at org.springframework.beans.factory.support.AbstractAutowireCapableBeanFactory.instantiateUsingFactoryMethod(AbstractAutowireCapableBeanFactory.java:1338) ~[spring-beans-5.2.6.RELEASE.jar:5.2.6.RELEASE]
	at org.springframework.beans.factory.support.AbstractAutowireCapableBeanFactory.createBeanInstance(AbstractAutowireCapableBeanFactory.java:1177) ~[spring-beans-5.2.6.RELEASE.jar:5.2.6.RELEASE]
	at org.springframework.beans.factory.support.AbstractAutowireCapableBeanFactory.doCreateBean(AbstractAutowireCapableBeanFactory.java:557) ~[spring-beans-5.2.6.RELEASE.jar:5.2.6.RELEASE]
	at org.springframework.beans.factory.support.AbstractAutowireCapableBeanFactory.createBean(AbstractAutowireCapableBeanFactory.java:517) ~[spring-beans-5.2.6.RELEASE.jar:5.2.6.RELEASE]
	at org.springframework.beans.factory.support.AbstractBeanFactory.lambda$doGetBean$0(AbstractBeanFactory.java:323) ~[spring-beans-5.2.6.RELEASE.jar:5.2.6.RELEASE]
	at org.springframework.beans.factory.support.DefaultSingletonBeanRegistry.getSingleton(DefaultSingletonBeanRegistry.java:226) ~[spring-beans-5.2.6.RELEASE.jar:5.2.6.RELEASE]
	at org.springframework.beans.factory.support.AbstractBeanFactory.doGetBean(AbstractBeanFactory.java:321) ~[spring-beans-5.2.6.RELEASE.jar:5.2.6.RELEASE]
	at org.springframework.beans.factory.support.AbstractBeanFactory.getBean(AbstractBeanFactory.java:202) ~[spring-beans-5.2.6.RELEASE.jar:5.2.6.RELEASE]
	at org.springframework.beans.factory.config.DependencyDescriptor.resolveCandidate(DependencyDescriptor.java:276) ~[spring-beans-5.2.6.RELEASE.jar:5.2.6.RELEASE]
	at org.springframework.beans.factory.support.DefaultListableBeanFactory.doResolveDependency(DefaultListableBeanFactory.java:1306) ~[spring-beans-5.2.6.RELEASE.jar:5.2.6.RELEASE]
	at org.springframework.beans.factory.support.DefaultListableBeanFactory.resolveDependency(DefaultListableBeanFactory.java:1226) ~[spring-beans-5.2.6.RELEASE.jar:5.2.6.RELEASE]
	at org.springframework.beans.factory.annotation.AutowiredAnnotationBeanPostProcessor$AutowiredFieldElement.inject(AutowiredAnnotationBeanPostProcessor.java:640) ~[spring-beans-5.2.6.RELEASE.jar:5.2.6.RELEASE]
	at org.springframework.beans.factory.annotation.InjectionMetadata.inject(InjectionMetadata.java:130) ~[spring-beans-5.2.6.RELEASE.jar:5.2.6.RELEASE]
	at org.springframework.beans.factory.annotation.AutowiredAnnotationBeanPostProcessor.postProcessProperties(AutowiredAnnotationBeanPostProcessor.java:399) ~[spring-beans-5.2.6.RELEASE.jar:5.2.6.RELEASE]
	at org.springframework.beans.factory.support.AbstractAutowireCapableBeanFactory.populateBean(AbstractAutowireCapableBeanFactory.java:1422) ~[spring-beans-5.2.6.RELEASE.jar:5.2.6.RELEASE]
	at org.springframework.beans.factory.support.AbstractAutowireCapableBeanFactory.doCreateBean(AbstractAutowireCapableBeanFactory.java:594) ~[spring-beans-5.2.6.RELEASE.jar:5.2.6.RELEASE]
	at org.springframework.beans.factory.support.AbstractAutowireCapableBeanFactory.createBean(AbstractAutowireCapableBeanFactory.java:517) ~[spring-beans-5.2.6.RELEASE.jar:5.2.6.RELEASE]
	at org.springframework.beans.factory.support.AbstractBeanFactory.lambda$doGetBean$0(AbstractBeanFactory.java:323) ~[spring-beans-5.2.6.RELEASE.jar:5.2.6.RELEASE]
	at org.springframework.beans.factory.support.DefaultSingletonBeanRegistry.getSingleton(DefaultSingletonBeanRegistry.java:226) [spring-beans-5.2.6.RELEASE.jar:5.2.6.RELEASE]
	at org.springframework.beans.factory.support.AbstractBeanFactory.doGetBean(AbstractBeanFactory.java:321) [spring-beans-5.2.6.RELEASE.jar:5.2.6.RELEASE]
	at org.springframework.beans.factory.support.AbstractBeanFactory.getBean(AbstractBeanFactory.java:202) [spring-beans-5.2.6.RELEASE.jar:5.2.6.RELEASE]
	at org.springframework.beans.factory.support.DefaultListableBeanFactory.preInstantiateSingletons(DefaultListableBeanFactory.java:895) [spring-beans-5.2.6.RELEASE.jar:5.2.6.RELEASE]
	at org.springframework.context.support.AbstractApplicationContext.finishBeanFactoryInitialization(AbstractApplicationContext.java:878) [spring-context-5.2.6.RELEASE.jar:5.2.6.RELEASE]
	at org.springframework.context.support.AbstractApplicationContext.refresh(AbstractApplicationContext.java:550) [spring-context-5.2.6.RELEASE.jar:5.2.6.RELEASE]
	at org.springframework.boot.SpringApplication.refresh(SpringApplication.java:747) [spring-boot-2.2.7.RELEASE.jar:2.2.7.RELEASE]
	at org.springframework.boot.SpringApplication.refreshContext(SpringApplication.java:397) [spring-boot-2.2.7.RELEASE.jar:2.2.7.RELEASE]
	at org.springframework.boot.SpringApplication.run(SpringApplication.java:315) [spring-boot-2.2.7.RELEASE.jar:2.2.7.RELEASE]
	at org.springframework.boot.SpringApplication.run(SpringApplication.java:1226) [spring-boot-2.2.7.RELEASE.jar:2.2.7.RELEASE]
	at org.springframework.boot.SpringApplication.run(SpringApplication.java:1215) [spring-boot-2.2.7.RELEASE.jar:2.2.7.RELEASE]
	at br.com.briansiervi.spring_batch_05_skipexception.SpringBatch05SkipexceptionApplication.main(SpringBatch05SkipexceptionApplication.java:10) [classes/:?]
Caused by: com.mysql.cj.exceptions.CJCommunicationsException: Communications link failure

The last packet sent successfully to the server was 0 milliseconds ago. The driver has not received any packets from the server.
	at sun.reflect.NativeConstructorAccessorImpl.newInstance0(Native Method) ~[?:1.8.0_432]
	at sun.reflect.NativeConstructorAccessorImpl.newInstance(NativeConstructorAccessorImpl.java:62) ~[?:1.8.0_432]
	at sun.reflect.DelegatingConstructorAccessorImpl.newInstance(DelegatingConstructorAccessorImpl.java:45) ~[?:1.8.0_432]
	at java.lang.reflect.Constructor.newInstance(Constructor.java:423) ~[?:1.8.0_432]
	at com.mysql.cj.exceptions.ExceptionFactory.createException(ExceptionFactory.java:61) ~[mysql-connector-j-8.2.0.jar:8.2.0]
	at com.mysql.cj.exceptions.ExceptionFactory.createException(ExceptionFactory.java:104) ~[mysql-connector-j-8.2.0.jar:8.2.0]
	at com.mysql.cj.exceptions.ExceptionFactory.createException(ExceptionFactory.java:149) ~[mysql-connector-j-8.2.0.jar:8.2.0]
	at com.mysql.cj.exceptions.ExceptionFactory.createCommunicationsException(ExceptionFactory.java:165) ~[mysql-connector-j-8.2.0.jar:8.2.0]
	at com.mysql.cj.protocol.a.NativeSocketConnection.connect(NativeSocketConnection.java:88) ~[mysql-connector-j-8.2.0.jar:8.2.0]
	at com.mysql.cj.NativeSession.connect(NativeSession.java:120) ~[mysql-connector-j-8.2.0.jar:8.2.0]
	at com.mysql.cj.jdbc.ConnectionImpl.connectOneTryOnly(ConnectionImpl.java:935) ~[mysql-connector-j-8.2.0.jar:8.2.0]
	at com.mysql.cj.jdbc.ConnectionImpl.createNewIO(ConnectionImpl.java:805) ~[mysql-connector-j-8.2.0.jar:8.2.0]
	... 84 more
Caused by: java.net.ConnectException: Conexão recusada (Connection refused)
	at java.net.PlainSocketImpl.socketConnect(Native Method) ~[?:1.8.0_432]
	at java.net.AbstractPlainSocketImpl.doConnect(AbstractPlainSocketImpl.java:350) ~[?:1.8.0_432]
	at java.net.AbstractPlainSocketImpl.connectToAddress(AbstractPlainSocketImpl.java:206) ~[?:1.8.0_432]
	at java.net.AbstractPlainSocketImpl.connect(AbstractPlainSocketImpl.java:188) ~[?:1.8.0_432]
	at java.net.SocksSocketImpl.connect(SocksSocketImpl.java:392) ~[?:1.8.0_432]
	at java.net.Socket.connect(Socket.java:607) ~[?:1.8.0_432]
	at com.mysql.cj.protocol.StandardSocketFactory.connect(StandardSocketFactory.java:153) ~[mysql-connector-j-8.2.0.jar:8.2.0]
	at com.mysql.cj.protocol.a.NativeSocketConnection.connect(NativeSocketConnection.java:62) ~[mysql-connector-j-8.2.0.jar:8.2.0]
	at com.mysql.cj.NativeSession.connect(NativeSession.java:120) ~[mysql-connector-j-8.2.0.jar:8.2.0]
	at com.mysql.cj.jdbc.ConnectionImpl.connectOneTryOnly(ConnectionImpl.java:935) ~[mysql-connector-j-8.2.0.jar:8.2.0]
	at com.mysql.cj.jdbc.ConnectionImpl.createNewIO(ConnectionImpl.java:805) ~[mysql-connector-j-8.2.0.jar:8.2.0]
	... 84 more
2024-12-04 08:46:30,412 INFO c.z.h.HikariDataSource [main] HikariPool-1 - Starting...
2024-12-04 08:46:31,414 ERROR c.z.h.p.HikariPool [main] HikariPool-1 - Exception during pool initialization.
com.mysql.cj.jdbc.exceptions.CommunicationsException: Communications link failure

The last packet sent successfully to the server was 0 milliseconds ago. The driver has not received any packets from the server.
	at com.mysql.cj.jdbc.exceptions.SQLError.createCommunicationsException(SQLError.java:174) ~[mysql-connector-j-8.2.0.jar:8.2.0]
	at com.mysql.cj.jdbc.exceptions.SQLExceptionsMapping.translateException(SQLExceptionsMapping.java:64) ~[mysql-connector-j-8.2.0.jar:8.2.0]
	at com.mysql.cj.jdbc.ConnectionImpl.createNewIO(ConnectionImpl.java:815) ~[mysql-connector-j-8.2.0.jar:8.2.0]
	at com.mysql.cj.jdbc.ConnectionImpl.<init>(ConnectionImpl.java:438) ~[mysql-connector-j-8.2.0.jar:8.2.0]
	at com.mysql.cj.jdbc.ConnectionImpl.getInstance(ConnectionImpl.java:241) ~[mysql-connector-j-8.2.0.jar:8.2.0]
	at com.mysql.cj.jdbc.NonRegisteringDriver.connect(NonRegisteringDriver.java:189) ~[mysql-connector-j-8.2.0.jar:8.2.0]
	at com.zaxxer.hikari.util.DriverDataSource.getConnection(DriverDataSource.java:138) ~[HikariCP-3.4.3.jar:?]
	at com.zaxxer.hikari.pool.PoolBase.newConnection(PoolBase.java:358) ~[HikariCP-3.4.3.jar:?]
	at com.zaxxer.hikari.pool.PoolBase.newPoolEntry(PoolBase.java:206) ~[HikariCP-3.4.3.jar:?]
	at com.zaxxer.hikari.pool.HikariPool.createPoolEntry(HikariPool.java:477) ~[HikariCP-3.4.3.jar:?]
	at com.zaxxer.hikari.pool.HikariPool.checkFailFast(HikariPool.java:560) ~[HikariCP-3.4.3.jar:?]
	at com.zaxxer.hikari.pool.HikariPool.<init>(HikariPool.java:115) ~[HikariCP-3.4.3.jar:?]
	at com.zaxxer.hikari.HikariDataSource.getConnection(HikariDataSource.java:112) ~[HikariCP-3.4.3.jar:?]
	at org.springframework.jdbc.datasource.DataSourceUtils.fetchConnection(DataSourceUtils.java:158) ~[spring-jdbc-5.2.6.RELEASE.jar:5.2.6.RELEASE]
	at org.springframework.jdbc.datasource.DataSourceUtils.doGetConnection(DataSourceUtils.java:116) ~[spring-jdbc-5.2.6.RELEASE.jar:5.2.6.RELEASE]
	at org.springframework.jdbc.datasource.DataSourceUtils.getConnection(DataSourceUtils.java:79) ~[spring-jdbc-5.2.6.RELEASE.jar:5.2.6.RELEASE]
	at org.springframework.jdbc.support.JdbcUtils.extractDatabaseMetaData(JdbcUtils.java:336) ~[spring-jdbc-5.2.6.RELEASE.jar:5.2.6.RELEASE]
	at org.springframework.jdbc.support.JdbcUtils.extractDatabaseMetaData(JdbcUtils.java:373) ~[spring-jdbc-5.2.6.RELEASE.jar:5.2.6.RELEASE]
	at org.springframework.boot.jdbc.AbstractDataSourceInitializer.getDatabaseName(AbstractDataSourceInitializer.java:90) ~[spring-boot-2.2.7.RELEASE.jar:2.2.7.RELEASE]
	at org.springframework.boot.autoconfigure.batch.BatchDataSourceInitializer.getDatabaseName(BatchDataSourceInitializer.java:56) ~[spring-boot-autoconfigure-2.2.7.RELEASE.jar:2.2.7.RELEASE]
	at org.springframework.boot.jdbc.AbstractDataSourceInitializer.initialize(AbstractDataSourceInitializer.java:59) ~[spring-boot-2.2.7.RELEASE.jar:2.2.7.RELEASE]
	at sun.reflect.NativeMethodAccessorImpl.invoke0(Native Method) ~[?:1.8.0_432]
	at sun.reflect.NativeMethodAccessorImpl.invoke(NativeMethodAccessorImpl.java:62) ~[?:1.8.0_432]
	at sun.reflect.DelegatingMethodAccessorImpl.invoke(DelegatingMethodAccessorImpl.java:43) ~[?:1.8.0_432]
	at java.lang.reflect.Method.invoke(Method.java:498) ~[?:1.8.0_432]
	at org.springframework.beans.factory.annotation.InitDestroyAnnotationBeanPostProcessor$LifecycleElement.invoke(InitDestroyAnnotationBeanPostProcessor.java:389) ~[spring-beans-5.2.6.RELEASE.jar:5.2.6.RELEASE]
	at org.springframework.beans.factory.annotation.InitDestroyAnnotationBeanPostProcessor$LifecycleMetadata.invokeInitMethods(InitDestroyAnnotationBeanPostProcessor.java:333) ~[spring-beans-5.2.6.RELEASE.jar:5.2.6.RELEASE]
	at org.springframework.beans.factory.annotation.InitDestroyAnnotationBeanPostProcessor.postProcessBeforeInitialization(InitDestroyAnnotationBeanPostProcessor.java:157) ~[spring-beans-5.2.6.RELEASE.jar:5.2.6.RELEASE]
	at org.springframework.beans.factory.support.AbstractAutowireCapableBeanFactory.applyBeanPostProcessorsBeforeInitialization(AbstractAutowireCapableBeanFactory.java:416) ~[spring-beans-5.2.6.RELEASE.jar:5.2.6.RELEASE]
	at org.springframework.beans.factory.support.AbstractAutowireCapableBeanFactory.initializeBean(AbstractAutowireCapableBeanFactory.java:1788) ~[spring-beans-5.2.6.RELEASE.jar:5.2.6.RELEASE]
	at org.springframework.beans.factory.support.AbstractAutowireCapableBeanFactory.doCreateBean(AbstractAutowireCapableBeanFactory.java:595) ~[spring-beans-5.2.6.RELEASE.jar:5.2.6.RELEASE]
	at org.springframework.beans.factory.support.AbstractAutowireCapableBeanFactory.createBean(AbstractAutowireCapableBeanFactory.java:517) ~[spring-beans-5.2.6.RELEASE.jar:5.2.6.RELEASE]
	at org.springframework.beans.factory.support.AbstractBeanFactory.lambda$doGetBean$0(AbstractBeanFactory.java:323) ~[spring-beans-5.2.6.RELEASE.jar:5.2.6.RELEASE]
	at org.springframework.beans.factory.support.DefaultSingletonBeanRegistry.getSingleton(DefaultSingletonBeanRegistry.java:226) [spring-beans-5.2.6.RELEASE.jar:5.2.6.RELEASE]
	at org.springframework.beans.factory.support.AbstractBeanFactory.doGetBean(AbstractBeanFactory.java:321) [spring-beans-5.2.6.RELEASE.jar:5.2.6.RELEASE]
	at org.springframework.beans.factory.support.AbstractBeanFactory.getBean(AbstractBeanFactory.java:202) [spring-beans-5.2.6.RELEASE.jar:5.2.6.RELEASE]
	at org.springframework.beans.factory.support.DefaultListableBeanFactory.preInstantiateSingletons(DefaultListableBeanFactory.java:895) [spring-beans-5.2.6.RELEASE.jar:5.2.6.RELEASE]
	at org.springframework.context.support.AbstractApplicationContext.finishBeanFactoryInitialization(AbstractApplicationContext.java:878) [spring-context-5.2.6.RELEASE.jar:5.2.6.RELEASE]
	at org.springframework.context.support.AbstractApplicationContext.refresh(AbstractApplicationContext.java:550) [spring-context-5.2.6.RELEASE.jar:5.2.6.RELEASE]
	at org.springframework.boot.SpringApplication.refresh(SpringApplication.java:747) [spring-boot-2.2.7.RELEASE.jar:2.2.7.RELEASE]
	at org.springframework.boot.SpringApplication.refreshContext(SpringApplication.java:397) [spring-boot-2.2.7.RELEASE.jar:2.2.7.RELEASE]
	at org.springframework.boot.SpringApplication.run(SpringApplication.java:315) [spring-boot-2.2.7.RELEASE.jar:2.2.7.RELEASE]
	at org.springframework.boot.SpringApplication.run(SpringApplication.java:1226) [spring-boot-2.2.7.RELEASE.jar:2.2.7.RELEASE]
	at org.springframework.boot.SpringApplication.run(SpringApplication.java:1215) [spring-boot-2.2.7.RELEASE.jar:2.2.7.RELEASE]
	at br.com.briansiervi.spring_batch_05_skipexception.SpringBatch05SkipexceptionApplication.main(SpringBatch05SkipexceptionApplication.java:10) [classes/:?]
Caused by: com.mysql.cj.exceptions.CJCommunicationsException: Communications link failure

The last packet sent successfully to the server was 0 milliseconds ago. The driver has not received any packets from the server.
	at sun.reflect.NativeConstructorAccessorImpl.newInstance0(Native Method) ~[?:1.8.0_432]
	at sun.reflect.NativeConstructorAccessorImpl.newInstance(NativeConstructorAccessorImpl.java:62) ~[?:1.8.0_432]
	at sun.reflect.DelegatingConstructorAccessorImpl.newInstance(DelegatingConstructorAccessorImpl.java:45) ~[?:1.8.0_432]
	at java.lang.reflect.Constructor.newInstance(Constructor.java:423) ~[?:1.8.0_432]
	at com.mysql.cj.exceptions.ExceptionFactory.createException(ExceptionFactory.java:61) ~[mysql-connector-j-8.2.0.jar:8.2.0]
	at com.mysql.cj.exceptions.ExceptionFactory.createException(ExceptionFactory.java:104) ~[mysql-connector-j-8.2.0.jar:8.2.0]
	at com.mysql.cj.exceptions.ExceptionFactory.createException(ExceptionFactory.java:149) ~[mysql-connector-j-8.2.0.jar:8.2.0]
	at com.mysql.cj.exceptions.ExceptionFactory.createCommunicationsException(ExceptionFactory.java:165) ~[mysql-connector-j-8.2.0.jar:8.2.0]
	at com.mysql.cj.protocol.a.NativeSocketConnection.connect(NativeSocketConnection.java:88) ~[mysql-connector-j-8.2.0.jar:8.2.0]
	at com.mysql.cj.NativeSession.connect(NativeSession.java:120) ~[mysql-connector-j-8.2.0.jar:8.2.0]
	at com.mysql.cj.jdbc.ConnectionImpl.connectOneTryOnly(ConnectionImpl.java:935) ~[mysql-connector-j-8.2.0.jar:8.2.0]
	at com.mysql.cj.jdbc.ConnectionImpl.createNewIO(ConnectionImpl.java:805) ~[mysql-connector-j-8.2.0.jar:8.2.0]
	... 42 more
Caused by: java.net.ConnectException: Conexão recusada (Connection refused)
	at java.net.PlainSocketImpl.socketConnect(Native Method) ~[?:1.8.0_432]
	at java.net.AbstractPlainSocketImpl.doConnect(AbstractPlainSocketImpl.java:350) ~[?:1.8.0_432]
	at java.net.AbstractPlainSocketImpl.connectToAddress(AbstractPlainSocketImpl.java:206) ~[?:1.8.0_432]
	at java.net.AbstractPlainSocketImpl.connect(AbstractPlainSocketImpl.java:188) ~[?:1.8.0_432]
	at java.net.SocksSocketImpl.connect(SocksSocketImpl.java:392) ~[?:1.8.0_432]
	at java.net.Socket.connect(Socket.java:607) ~[?:1.8.0_432]
	at com.mysql.cj.protocol.StandardSocketFactory.connect(StandardSocketFactory.java:153) ~[mysql-connector-j-8.2.0.jar:8.2.0]
	at com.mysql.cj.protocol.a.NativeSocketConnection.connect(NativeSocketConnection.java:62) ~[mysql-connector-j-8.2.0.jar:8.2.0]
	at com.mysql.cj.NativeSession.connect(NativeSession.java:120) ~[mysql-connector-j-8.2.0.jar:8.2.0]
	at com.mysql.cj.jdbc.ConnectionImpl.connectOneTryOnly(ConnectionImpl.java:935) ~[mysql-connector-j-8.2.0.jar:8.2.0]
	at com.mysql.cj.jdbc.ConnectionImpl.createNewIO(ConnectionImpl.java:805) ~[mysql-connector-j-8.2.0.jar:8.2.0]
	... 42 more
2024-12-04 08:46:31,418 WARN o.s.c.a.AnnotationConfigApplicationContext [main] Exception encountered during context initialization - cancelling refresh attempt: org.springframework.beans.factory.BeanCreationException: Error creating bean with name 'batchDataSourceInitializer': Invocation of init method failed; nested exception is java.lang.IllegalStateException: Unable to detect database type
2024-12-04 08:46:55,013 INFO b.c.b.s.SpringBatch05SkipexceptionApplication [main] Starting SpringBatch05SkipexceptionApplication on ubuntu2204 with PID 14796 (/home/brian/Documentos/workspace/spring-batch/spring_batch_05_skipexception/target/classes started by brian in /home/brian/Documentos/workspace/spring-batch/spring_batch_05_skipexception)
2024-12-04 08:46:55,019 INFO b.c.b.s.SpringBatch05SkipexceptionApplication [main] No active profile set, falling back to default profiles: default
2024-12-04 08:46:55,972 INFO c.z.h.HikariDataSource [main] HikariPool-1 - Starting...
2024-12-04 08:46:56,600 INFO c.z.h.HikariDataSource [main] HikariPool-1 - Start completed.
2024-12-04 08:46:57,103 INFO o.s.b.c.r.s.JobRepositoryFactoryBean [main] No database type set, using meta data indicating: MYSQL
2024-12-04 08:46:57,365 INFO o.s.b.c.l.s.SimpleJobLauncher [main] No TaskExecutor has been set, defaulting to synchronous executor.
2024-12-04 08:46:57,490 INFO b.c.b.s.SpringBatch05SkipexceptionApplication [main] Started SpringBatch05SkipexceptionApplication in 3.504 seconds (JVM running for 4.51)
2024-12-04 08:46:57,662 INFO o.s.b.c.l.s.SimpleJobLauncher [main] Job: [SimpleJob: [name=skipExceptionJob]] launched with the following parameters: [{run.id=3, nome=Brian}]
2024-12-04 08:46:57,748 INFO o.s.b.c.j.SimpleStepHandler [main] Executing step: [skipExceptionStep]
2024-12-04 08:46:57,759 INFO c.z.h.HikariDataSource [main] HikariPool-2 - Starting...
2024-12-04 08:46:57,792 INFO c.z.h.HikariDataSource [main] HikariPool-2 - Start completed.
2024-12-04 08:48:19,469 INFO o.s.b.c.s.AbstractStep [main] Step: [skipExceptionStep] executed in 1m21s721ms
2024-12-04 08:48:19,495 INFO o.s.b.c.l.s.SimpleJobLauncher [main] Job: [SimpleJob: [name=skipExceptionJob]] completed with the following parameters: [{run.id=3, nome=Brian}] and the following status: [COMPLETED] in 1m21s782ms
2024-12-04 08:48:19,503 INFO c.z.h.HikariDataSource [SpringContextShutdownHook] HikariPool-2 - Shutdown initiated...
2024-12-04 08:48:19,533 INFO c.z.h.HikariDataSource [SpringContextShutdownHook] HikariPool-2 - Shutdown completed.
2024-12-04 08:48:19,535 INFO c.z.h.HikariDataSource [SpringContextShutdownHook] HikariPool-1 - Shutdown initiated...
2024-12-04 08:48:19,543 INFO c.z.h.HikariDataSource [SpringContextShutdownHook] HikariPool-1 - Shutdown completed.
2024-12-04 08:48:50,008 INFO b.c.b.s.SpringBatch05SkipexceptionApplication [main] Starting SpringBatch05SkipexceptionApplication on ubuntu2204 with PID 15659 (/home/brian/Documentos/workspace/spring-batch/spring_batch_05_skipexception/target/classes started by brian in /home/brian/Documentos/workspace/spring-batch/spring_batch_05_skipexception)
2024-12-04 08:48:50,014 INFO b.c.b.s.SpringBatch05SkipexceptionApplication [main] No active profile set, falling back to default profiles: default
2024-12-04 08:48:50,949 INFO c.z.h.HikariDataSource [main] HikariPool-1 - Starting...
2024-12-04 08:48:51,530 INFO c.z.h.HikariDataSource [main] HikariPool-1 - Start completed.
2024-12-04 08:48:52,035 INFO o.s.b.c.r.s.JobRepositoryFactoryBean [main] No database type set, using meta data indicating: MYSQL
2024-12-04 08:48:52,317 INFO o.s.b.c.l.s.SimpleJobLauncher [main] No TaskExecutor has been set, defaulting to synchronous executor.
2024-12-04 08:48:52,471 INFO b.c.b.s.SpringBatch05SkipexceptionApplication [main] Started SpringBatch05SkipexceptionApplication in 3.555 seconds (JVM running for 4.792)
2024-12-04 08:48:52,644 INFO o.s.b.c.l.s.SimpleJobLauncher [main] Job: [SimpleJob: [name=skipExceptionJob]] launched with the following parameters: [{run.id=4, nome=Brian}]
2024-12-04 08:48:52,747 INFO o.s.b.c.j.SimpleStepHandler [main] Executing step: [skipExceptionStep]
2024-12-04 08:48:52,760 INFO c.z.h.HikariDataSource [main] HikariPool-2 - Starting...
2024-12-04 08:48:52,798 INFO c.z.h.HikariDataSource [main] HikariPool-2 - Start completed.
2024-12-04 08:49:01,867 ERROR o.s.b.c.s.AbstractStep [main] Encountered an error executing step skipExceptionStep in job skipExceptionJob
org.springframework.jdbc.UncategorizedSQLException: Attempt to process next row failed; uncategorized SQLException for SQL [select * from cliente]; SQL state [null]; error code [0]; Encerrando a execução - Cliente inválido zeca9@test.com; nested exception is java.sql.SQLException: Encerrando a execução - Cliente inválido zeca9@test.com
	at org.springframework.jdbc.support.AbstractFallbackSQLExceptionTranslator.translate(AbstractFallbackSQLExceptionTranslator.java:89) ~[spring-jdbc-5.2.6.RELEASE.jar:5.2.6.RELEASE]
	at org.springframework.jdbc.support.AbstractFallbackSQLExceptionTranslator.translate(AbstractFallbackSQLExceptionTranslator.java:81) ~[spring-jdbc-5.2.6.RELEASE.jar:5.2.6.RELEASE]
	at org.springframework.jdbc.support.AbstractFallbackSQLExceptionTranslator.translate(AbstractFallbackSQLExceptionTranslator.java:81) ~[spring-jdbc-5.2.6.RELEASE.jar:5.2.6.RELEASE]
	at org.springframework.batch.item.database.AbstractCursorItemReader.doRead(AbstractCursorItemReader.java:485) ~[spring-batch-infrastructure-4.2.2.RELEASE.jar:4.2.2.RELEASE]
	at org.springframework.batch.item.support.AbstractItemCountingItemStreamItemReader.read(AbstractItemCountingItemStreamItemReader.java:93) ~[spring-batch-infrastructure-4.2.2.RELEASE.jar:4.2.2.RELEASE]
	at org.springframework.batch.core.step.item.SimpleChunkProvider.doRead(SimpleChunkProvider.java:99) ~[spring-batch-core-4.2.2.RELEASE.jar:4.2.2.RELEASE]
	at org.springframework.batch.core.step.item.SimpleChunkProvider.read(SimpleChunkProvider.java:180) ~[spring-batch-core-4.2.2.RELEASE.jar:4.2.2.RELEASE]
	at org.springframework.batch.core.step.item.SimpleChunkProvider$1.doInIteration(SimpleChunkProvider.java:126) ~[spring-batch-core-4.2.2.RELEASE.jar:4.2.2.RELEASE]
	at org.springframework.batch.repeat.support.RepeatTemplate.getNextResult(RepeatTemplate.java:375) ~[spring-batch-infrastructure-4.2.2.RELEASE.jar:4.2.2.RELEASE]
	at org.springframework.batch.repeat.support.RepeatTemplate.executeInternal(RepeatTemplate.java:215) ~[spring-batch-infrastructure-4.2.2.RELEASE.jar:4.2.2.RELEASE]
	at org.springframework.batch.repeat.support.RepeatTemplate.iterate(RepeatTemplate.java:145) ~[spring-batch-infrastructure-4.2.2.RELEASE.jar:4.2.2.RELEASE]
	at org.springframework.batch.core.step.item.SimpleChunkProvider.provide(SimpleChunkProvider.java:118) ~[spring-batch-core-4.2.2.RELEASE.jar:4.2.2.RELEASE]
	at org.springframework.batch.core.step.item.ChunkOrientedTasklet.execute(ChunkOrientedTasklet.java:71) ~[spring-batch-core-4.2.2.RELEASE.jar:4.2.2.RELEASE]
	at org.springframework.batch.core.step.tasklet.TaskletStep$ChunkTransactionCallback.doInTransaction(TaskletStep.java:407) ~[spring-batch-core-4.2.2.RELEASE.jar:4.2.2.RELEASE]
	at org.springframework.batch.core.step.tasklet.TaskletStep$ChunkTransactionCallback.doInTransaction(TaskletStep.java:331) ~[spring-batch-core-4.2.2.RELEASE.jar:4.2.2.RELEASE]
	at org.springframework.transaction.support.TransactionTemplate.execute(TransactionTemplate.java:140) ~[spring-tx-5.2.6.RELEASE.jar:5.2.6.RELEASE]
	at org.springframework.batch.core.step.tasklet.TaskletStep$2.doInChunkContext(TaskletStep.java:273) ~[spring-batch-core-4.2.2.RELEASE.jar:4.2.2.RELEASE]
	at org.springframework.batch.core.scope.context.StepContextRepeatCallback.doInIteration(StepContextRepeatCallback.java:82) ~[spring-batch-core-4.2.2.RELEASE.jar:4.2.2.RELEASE]
	at org.springframework.batch.repeat.support.RepeatTemplate.getNextResult(RepeatTemplate.java:375) ~[spring-batch-infrastructure-4.2.2.RELEASE.jar:4.2.2.RELEASE]
	at org.springframework.batch.repeat.support.RepeatTemplate.executeInternal(RepeatTemplate.java:215) ~[spring-batch-infrastructure-4.2.2.RELEASE.jar:4.2.2.RELEASE]
	at org.springframework.batch.repeat.support.RepeatTemplate.iterate(RepeatTemplate.java:145) ~[spring-batch-infrastructure-4.2.2.RELEASE.jar:4.2.2.RELEASE]
	at org.springframework.batch.core.step.tasklet.TaskletStep.doExecute(TaskletStep.java:258) ~[spring-batch-core-4.2.2.RELEASE.jar:4.2.2.RELEASE]
	at org.springframework.batch.core.step.AbstractStep.execute(AbstractStep.java:208) [spring-batch-core-4.2.2.RELEASE.jar:4.2.2.RELEASE]
	at org.springframework.batch.core.job.SimpleStepHandler.handleStep(SimpleStepHandler.java:148) [spring-batch-core-4.2.2.RELEASE.jar:4.2.2.RELEASE]
	at org.springframework.batch.core.job.AbstractJob.handleStep(AbstractJob.java:410) [spring-batch-core-4.2.2.RELEASE.jar:4.2.2.RELEASE]
	at org.springframework.batch.core.job.SimpleJob.doExecute(SimpleJob.java:136) [spring-batch-core-4.2.2.RELEASE.jar:4.2.2.RELEASE]
	at org.springframework.batch.core.job.AbstractJob.execute(AbstractJob.java:319) [spring-batch-core-4.2.2.RELEASE.jar:4.2.2.RELEASE]
	at org.springframework.batch.core.launch.support.SimpleJobLauncher$1.run(SimpleJobLauncher.java:147) [spring-batch-core-4.2.2.RELEASE.jar:4.2.2.RELEASE]
	at org.springframework.core.task.SyncTaskExecutor.execute(SyncTaskExecutor.java:50) [spring-core-5.2.6.RELEASE.jar:5.2.6.RELEASE]
	at org.springframework.batch.core.launch.support.SimpleJobLauncher.run(SimpleJobLauncher.java:140) [spring-batch-core-4.2.2.RELEASE.jar:4.2.2.RELEASE]
	at sun.reflect.NativeMethodAccessorImpl.invoke0(Native Method) ~[?:1.8.0_432]
	at sun.reflect.NativeMethodAccessorImpl.invoke(NativeMethodAccessorImpl.java:62) ~[?:1.8.0_432]
	at sun.reflect.DelegatingMethodAccessorImpl.invoke(DelegatingMethodAccessorImpl.java:43) ~[?:1.8.0_432]
	at java.lang.reflect.Method.invoke(Method.java:498) ~[?:1.8.0_432]
	at org.springframework.aop.support.AopUtils.invokeJoinpointUsingReflection(AopUtils.java:344) [spring-aop-5.2.6.RELEASE.jar:5.2.6.RELEASE]
	at org.springframework.aop.framework.ReflectiveMethodInvocation.invokeJoinpoint(ReflectiveMethodInvocation.java:198) [spring-aop-5.2.6.RELEASE.jar:5.2.6.RELEASE]
	at org.springframework.aop.framework.ReflectiveMethodInvocation.proceed(ReflectiveMethodInvocation.java:163) [spring-aop-5.2.6.RELEASE.jar:5.2.6.RELEASE]
	at org.springframework.batch.core.configuration.annotation.SimpleBatchConfiguration$PassthruAdvice.invoke(SimpleBatchConfiguration.java:127) [spring-batch-core-4.2.2.RELEASE.jar:4.2.2.RELEASE]
	at org.springframework.aop.framework.ReflectiveMethodInvocation.proceed(ReflectiveMethodInvocation.java:186) [spring-aop-5.2.6.RELEASE.jar:5.2.6.RELEASE]
	at org.springframework.aop.framework.JdkDynamicAopProxy.invoke(JdkDynamicAopProxy.java:212) [spring-aop-5.2.6.RELEASE.jar:5.2.6.RELEASE]
	at com.sun.proxy.$Proxy60.run(Unknown Source) [?:?]
	at org.springframework.boot.autoconfigure.batch.JobLauncherCommandLineRunner.execute(JobLauncherCommandLineRunner.java:192) [spring-boot-autoconfigure-2.2.7.RELEASE.jar:2.2.7.RELEASE]
	at org.springframework.boot.autoconfigure.batch.JobLauncherCommandLineRunner.executeLocalJobs(JobLauncherCommandLineRunner.java:166) [spring-boot-autoconfigure-2.2.7.RELEASE.jar:2.2.7.RELEASE]
	at org.springframework.boot.autoconfigure.batch.JobLauncherCommandLineRunner.launchJobFromProperties(JobLauncherCommandLineRunner.java:153) [spring-boot-autoconfigure-2.2.7.RELEASE.jar:2.2.7.RELEASE]
	at org.springframework.boot.autoconfigure.batch.JobLauncherCommandLineRunner.run(JobLauncherCommandLineRunner.java:148) [spring-boot-autoconfigure-2.2.7.RELEASE.jar:2.2.7.RELEASE]
	at org.springframework.boot.SpringApplication.callRunner(SpringApplication.java:784) [spring-boot-2.2.7.RELEASE.jar:2.2.7.RELEASE]
	at org.springframework.boot.SpringApplication.callRunners(SpringApplication.java:768) [spring-boot-2.2.7.RELEASE.jar:2.2.7.RELEASE]
	at org.springframework.boot.SpringApplication.run(SpringApplication.java:322) [spring-boot-2.2.7.RELEASE.jar:2.2.7.RELEASE]
	at org.springframework.boot.SpringApplication.run(SpringApplication.java:1226) [spring-boot-2.2.7.RELEASE.jar:2.2.7.RELEASE]
	at org.springframework.boot.SpringApplication.run(SpringApplication.java:1215) [spring-boot-2.2.7.RELEASE.jar:2.2.7.RELEASE]
	at br.com.briansiervi.spring_batch_05_skipexception.SpringBatch05SkipexceptionApplication.main(SpringBatch05SkipexceptionApplication.java:10) [classes/:?]
Caused by: java.sql.SQLException: Encerrando a execução - Cliente inválido zeca9@test.com
	at br.com.briansiervi.spring_batch_05_skipexception.reader.SkipExceptionReaderConfig$1.mapRow(SkipExceptionReaderConfig.java:37) ~[classes/:?]
	at br.com.briansiervi.spring_batch_05_skipexception.reader.SkipExceptionReaderConfig$1.mapRow(SkipExceptionReaderConfig.java:1) ~[classes/:?]
	at org.springframework.batch.item.database.JdbcCursorItemReader.readCursor(JdbcCursorItemReader.java:141) ~[spring-batch-infrastructure-4.2.2.RELEASE.jar:4.2.2.RELEASE]
	at org.springframework.batch.item.database.AbstractCursorItemReader.doRead(AbstractCursorItemReader.java:480) ~[spring-batch-infrastructure-4.2.2.RELEASE.jar:4.2.2.RELEASE]
	... 47 more
2024-12-04 08:49:01,880 INFO o.s.b.c.s.AbstractStep [main] Step: [skipExceptionStep] executed in 9s132ms
2024-12-04 08:49:01,911 INFO o.s.b.c.l.s.SimpleJobLauncher [main] Job: [SimpleJob: [name=skipExceptionJob]] completed with the following parameters: [{run.id=4, nome=Brian}] and the following status: [FAILED] in 9s208ms
2024-12-04 08:49:01,918 INFO c.z.h.HikariDataSource [SpringContextShutdownHook] HikariPool-2 - Shutdown initiated...
2024-12-04 08:49:01,942 INFO c.z.h.HikariDataSource [SpringContextShutdownHook] HikariPool-2 - Shutdown completed.
2024-12-04 08:49:01,942 INFO c.z.h.HikariDataSource [SpringContextShutdownHook] HikariPool-1 - Shutdown initiated...
2024-12-04 08:49:01,956 INFO c.z.h.HikariDataSource [SpringContextShutdownHook] HikariPool-1 - Shutdown completed.
2024-12-04 08:51:53,106 INFO b.c.b.s.SpringBatch05SkipexceptionApplication [main] Starting SpringBatch05SkipexceptionApplication on ubuntu2204 with PID 16717 (/home/brian/Documentos/workspace/spring-batch/spring_batch_05_skipexception/target/classes started by brian in /home/brian/Documentos/workspace/spring-batch/spring_batch_05_skipexception)
2024-12-04 08:51:53,112 INFO b.c.b.s.SpringBatch05SkipexceptionApplication [main] No active profile set, falling back to default profiles: default
2024-12-04 08:51:54,183 INFO c.z.h.HikariDataSource [main] HikariPool-1 - Starting...
2024-12-04 08:51:54,901 INFO c.z.h.HikariDataSource [main] HikariPool-1 - Start completed.
2024-12-04 08:51:55,431 INFO o.s.b.c.r.s.JobRepositoryFactoryBean [main] No database type set, using meta data indicating: MYSQL
2024-12-04 08:51:55,666 INFO o.s.b.c.l.s.SimpleJobLauncher [main] No TaskExecutor has been set, defaulting to synchronous executor.
2024-12-04 08:51:55,821 INFO b.c.b.s.SpringBatch05SkipexceptionApplication [main] Started SpringBatch05SkipexceptionApplication in 3.937 seconds (JVM running for 5.228)
2024-12-04 08:51:56,020 INFO o.s.b.c.l.s.SimpleJobLauncher [main] Job: [SimpleJob: [name=skipExceptionJob]] launched with the following parameters: [{run.id=5, nome=Brian}]
2024-12-04 08:51:56,119 INFO o.s.b.c.j.SimpleStepHandler [main] Executing step: [skipExceptionStep]
2024-12-04 08:51:56,129 INFO c.z.h.HikariDataSource [main] HikariPool-2 - Starting...
2024-12-04 08:51:56,166 INFO c.z.h.HikariDataSource [main] HikariPool-2 - Start completed.
2024-12-04 08:52:11,354 INFO o.s.b.c.s.AbstractStep [main] Step: [skipExceptionStep] executed in 15s234ms
2024-12-04 08:52:11,379 INFO o.s.b.c.l.s.SimpleJobLauncher [main] Job: [SimpleJob: [name=skipExceptionJob]] completed with the following parameters: [{run.id=5, nome=Brian}] and the following status: [COMPLETED] in 15s301ms
2024-12-04 08:52:11,385 INFO c.z.h.HikariDataSource [SpringContextShutdownHook] HikariPool-2 - Shutdown initiated...
2024-12-04 08:52:11,424 INFO c.z.h.HikariDataSource [SpringContextShutdownHook] HikariPool-2 - Shutdown completed.
2024-12-04 08:52:11,426 INFO c.z.h.HikariDataSource [SpringContextShutdownHook] HikariPool-1 - Shutdown initiated...
2024-12-04 08:52:11,443 INFO c.z.h.HikariDataSource [SpringContextShutdownHook] HikariPool-1 - Shutdown completed.
2024-12-04 08:52:29,166 INFO b.c.b.s.SpringBatch05SkipexceptionApplication [main] Starting SpringBatch05SkipexceptionApplication on ubuntu2204 with PID 17082 (/home/brian/Documentos/workspace/spring-batch/spring_batch_05_skipexception/target/classes started by brian in /home/brian/Documentos/workspace/spring-batch/spring_batch_05_skipexception)
2024-12-04 08:52:29,174 INFO b.c.b.s.SpringBatch05SkipexceptionApplication [main] No active profile set, falling back to default profiles: default
2024-12-04 08:52:30,259 INFO c.z.h.HikariDataSource [main] HikariPool-1 - Starting...
2024-12-04 08:52:30,986 INFO c.z.h.HikariDataSource [main] HikariPool-1 - Start completed.
2024-12-04 08:52:31,534 INFO o.s.b.c.r.s.JobRepositoryFactoryBean [main] No database type set, using meta data indicating: MYSQL
2024-12-04 08:52:31,753 INFO o.s.b.c.l.s.SimpleJobLauncher [main] No TaskExecutor has been set, defaulting to synchronous executor.
2024-12-04 08:52:31,927 INFO b.c.b.s.SpringBatch05SkipexceptionApplication [main] Started SpringBatch05SkipexceptionApplication in 3.943 seconds (JVM running for 5.459)
2024-12-04 08:52:32,131 INFO o.s.b.c.l.s.SimpleJobLauncher [main] Job: [SimpleJob: [name=skipExceptionJob]] launched with the following parameters: [{run.id=6, nome=Brian}]
2024-12-04 08:52:32,241 INFO o.s.b.c.j.SimpleStepHandler [main] Executing step: [skipExceptionStep]
2024-12-04 08:52:32,255 INFO c.z.h.HikariDataSource [main] HikariPool-2 - Starting...
2024-12-04 08:52:32,293 INFO c.z.h.HikariDataSource [main] HikariPool-2 - Start completed.
2024-12-04 08:52:32,476 INFO o.s.b.c.s.AbstractStep [main] Step: [skipExceptionStep] executed in 234ms
2024-12-04 08:52:32,505 INFO o.s.b.c.l.s.SimpleJobLauncher [main] Job: [SimpleJob: [name=skipExceptionJob]] completed with the following parameters: [{run.id=6, nome=Brian}] and the following status: [COMPLETED] in 312ms
2024-12-04 08:52:32,521 INFO c.z.h.HikariDataSource [SpringContextShutdownHook] HikariPool-2 - Shutdown initiated...
2024-12-04 08:52:32,561 INFO c.z.h.HikariDataSource [SpringContextShutdownHook] HikariPool-2 - Shutdown completed.
2024-12-04 08:52:32,563 INFO c.z.h.HikariDataSource [SpringContextShutdownHook] HikariPool-1 - Shutdown initiated...
2024-12-04 08:52:32,587 INFO c.z.h.HikariDataSource [SpringContextShutdownHook] HikariPool-1 - Shutdown completed.
2024-12-04 08:53:07,885 INFO b.c.b.s.SpringBatch05SkipexceptionApplication [main] Starting SpringBatch05SkipexceptionApplication on ubuntu2204 with PID 17385 (/home/brian/Documentos/workspace/spring-batch/spring_batch_05_skipexception/target/classes started by brian in /home/brian/Documentos/workspace/spring-batch/spring_batch_05_skipexception)
2024-12-04 08:53:07,892 INFO b.c.b.s.SpringBatch05SkipexceptionApplication [main] No active profile set, falling back to default profiles: default
2024-12-04 08:53:08,808 INFO c.z.h.HikariDataSource [main] HikariPool-1 - Starting...
2024-12-04 08:53:09,429 INFO c.z.h.HikariDataSource [main] HikariPool-1 - Start completed.
2024-12-04 08:53:09,883 INFO o.s.b.c.r.s.JobRepositoryFactoryBean [main] No database type set, using meta data indicating: MYSQL
2024-12-04 08:53:10,090 INFO o.s.b.c.l.s.SimpleJobLauncher [main] No TaskExecutor has been set, defaulting to synchronous executor.
2024-12-04 08:53:10,225 INFO b.c.b.s.SpringBatch05SkipexceptionApplication [main] Started SpringBatch05SkipexceptionApplication in 3.36 seconds (JVM running for 4.535)
2024-12-04 08:53:10,390 INFO o.s.b.c.l.s.SimpleJobLauncher [main] Job: [SimpleJob: [name=skipExceptionJob]] launched with the following parameters: [{run.id=7, nome=Brian}]
2024-12-04 08:53:10,488 INFO o.s.b.c.j.SimpleStepHandler [main] Executing step: [skipExceptionStep]
2024-12-04 08:53:10,499 INFO c.z.h.HikariDataSource [main] HikariPool-2 - Starting...
2024-12-04 08:53:10,530 INFO c.z.h.HikariDataSource [main] HikariPool-2 - Start completed.
2024-12-04 08:53:10,725 INFO o.s.b.c.s.AbstractStep [main] Step: [skipExceptionStep] executed in 237ms
2024-12-04 08:53:10,753 INFO o.s.b.c.l.s.SimpleJobLauncher [main] Job: [SimpleJob: [name=skipExceptionJob]] completed with the following parameters: [{run.id=7, nome=Brian}] and the following status: [COMPLETED] in 304ms
2024-12-04 08:53:10,763 INFO c.z.h.HikariDataSource [SpringContextShutdownHook] HikariPool-2 - Shutdown initiated...
2024-12-04 08:53:10,790 INFO c.z.h.HikariDataSource [SpringContextShutdownHook] HikariPool-2 - Shutdown completed.
2024-12-04 08:53:10,791 INFO c.z.h.HikariDataSource [SpringContextShutdownHook] HikariPool-1 - Shutdown initiated...
2024-12-04 08:53:10,804 INFO c.z.h.HikariDataSource [SpringContextShutdownHook] HikariPool-1 - Shutdown completed.
2024-12-04 08:53:30,050 INFO b.c.b.s.SpringBatch05SkipexceptionApplication [main] Starting SpringBatch05SkipexceptionApplication on ubuntu2204 with PID 17607 (/home/brian/Documentos/workspace/spring-batch/spring_batch_05_skipexception/target/classes started by brian in /home/brian/Documentos/workspace/spring-batch/spring_batch_05_skipexception)
2024-12-04 08:53:30,056 INFO b.c.b.s.SpringBatch05SkipexceptionApplication [main] No active profile set, falling back to default profiles: default
2024-12-04 08:53:30,908 INFO c.z.h.HikariDataSource [main] HikariPool-1 - Starting...
2024-12-04 08:53:31,415 INFO c.z.h.HikariDataSource [main] HikariPool-1 - Start completed.
2024-12-04 08:53:31,877 INFO o.s.b.c.r.s.JobRepositoryFactoryBean [main] No database type set, using meta data indicating: MYSQL
2024-12-04 08:53:32,137 INFO o.s.b.c.l.s.SimpleJobLauncher [main] No TaskExecutor has been set, defaulting to synchronous executor.
2024-12-04 08:53:32,299 INFO b.c.b.s.SpringBatch05SkipexceptionApplication [main] Started SpringBatch05SkipexceptionApplication in 3.288 seconds (JVM running for 4.491)
2024-12-04 08:53:32,460 INFO o.s.b.c.l.s.SimpleJobLauncher [main] Job: [SimpleJob: [name=skipExceptionJob]] launched with the following parameters: [{run.id=8, nome=Brian}]
2024-12-04 08:53:32,540 INFO o.s.b.c.j.SimpleStepHandler [main] Executing step: [skipExceptionStep]
2024-12-04 08:53:32,550 INFO c.z.h.HikariDataSource [main] HikariPool-2 - Starting...
2024-12-04 08:53:32,584 INFO c.z.h.HikariDataSource [main] HikariPool-2 - Start completed.
2024-12-04 08:53:32,784 INFO o.s.b.c.s.AbstractStep [main] Step: [skipExceptionStep] executed in 243ms
2024-12-04 08:53:32,813 INFO o.s.b.c.l.s.SimpleJobLauncher [main] Job: [SimpleJob: [name=skipExceptionJob]] completed with the following parameters: [{run.id=8, nome=Brian}] and the following status: [COMPLETED] in 304ms
2024-12-04 08:53:32,821 INFO c.z.h.HikariDataSource [SpringContextShutdownHook] HikariPool-2 - Shutdown initiated...
2024-12-04 08:53:32,865 INFO c.z.h.HikariDataSource [SpringContextShutdownHook] HikariPool-2 - Shutdown completed.
2024-12-04 08:53:32,866 INFO c.z.h.HikariDataSource [SpringContextShutdownHook] HikariPool-1 - Shutdown initiated...
2024-12-04 08:53:32,879 INFO c.z.h.HikariDataSource [SpringContextShutdownHook] HikariPool-1 - Shutdown completed.
2024-12-04 08:53:57,472 INFO b.c.b.s.SpringBatch05SkipexceptionApplication [main] Starting SpringBatch05SkipexceptionApplication on ubuntu2204 with PID 17844 (/home/brian/Documentos/workspace/spring-batch/spring_batch_05_skipexception/target/classes started by brian in /home/brian/Documentos/workspace/spring-batch/spring_batch_05_skipexception)
2024-12-04 08:53:57,478 INFO b.c.b.s.SpringBatch05SkipexceptionApplication [main] No active profile set, falling back to default profiles: default
2024-12-04 08:53:58,398 INFO c.z.h.HikariDataSource [main] HikariPool-1 - Starting...
2024-12-04 08:53:59,063 INFO c.z.h.HikariDataSource [main] HikariPool-1 - Start completed.
2024-12-04 08:53:59,527 INFO o.s.b.c.r.s.JobRepositoryFactoryBean [main] No database type set, using meta data indicating: MYSQL
2024-12-04 08:53:59,729 INFO o.s.b.c.l.s.SimpleJobLauncher [main] No TaskExecutor has been set, defaulting to synchronous executor.
2024-12-04 08:53:59,844 INFO b.c.b.s.SpringBatch05SkipexceptionApplication [main] Started SpringBatch05SkipexceptionApplication in 3.427 seconds (JVM running for 4.647)
2024-12-04 08:53:59,990 INFO o.s.b.c.l.s.SimpleJobLauncher [main] Job: [SimpleJob: [name=skipExceptionJob]] launched with the following parameters: [{run.id=9, nome=Brian}]
2024-12-04 08:54:00,059 INFO o.s.b.c.j.SimpleStepHandler [main] Executing step: [skipExceptionStep]
2024-12-04 08:54:00,068 INFO c.z.h.HikariDataSource [main] HikariPool-2 - Starting...
2024-12-04 08:54:00,100 INFO c.z.h.HikariDataSource [main] HikariPool-2 - Start completed.
2024-12-04 08:54:00,239 ERROR o.s.b.c.s.AbstractStep [main] Encountered an error executing step skipExceptionStep in job skipExceptionJob
org.springframework.batch.core.step.skip.SkipLimitExceededException: Skip limit of '1' exceeded
	at org.springframework.batch.core.step.skip.LimitCheckingItemSkipPolicy.shouldSkip(LimitCheckingItemSkipPolicy.java:133) ~[spring-batch-core-4.2.2.RELEASE.jar:4.2.2.RELEASE]
	at org.springframework.batch.core.step.skip.ExceptionClassifierSkipPolicy.shouldSkip(ExceptionClassifierSkipPolicy.java:70) ~[spring-batch-core-4.2.2.RELEASE.jar:4.2.2.RELEASE]
	at org.springframework.batch.core.step.item.FaultTolerantChunkProvider.shouldSkip(FaultTolerantChunkProvider.java:135) ~[spring-batch-core-4.2.2.RELEASE.jar:4.2.2.RELEASE]
	at org.springframework.batch.core.step.item.FaultTolerantChunkProvider.read(FaultTolerantChunkProvider.java:91) ~[spring-batch-core-4.2.2.RELEASE.jar:4.2.2.RELEASE]
	at org.springframework.batch.core.step.item.SimpleChunkProvider$1.doInIteration(SimpleChunkProvider.java:126) ~[spring-batch-core-4.2.2.RELEASE.jar:4.2.2.RELEASE]
	at org.springframework.batch.repeat.support.RepeatTemplate.getNextResult(RepeatTemplate.java:375) ~[spring-batch-infrastructure-4.2.2.RELEASE.jar:4.2.2.RELEASE]
	at org.springframework.batch.repeat.support.RepeatTemplate.executeInternal(RepeatTemplate.java:215) ~[spring-batch-infrastructure-4.2.2.RELEASE.jar:4.2.2.RELEASE]
	at org.springframework.batch.repeat.support.RepeatTemplate.iterate(RepeatTemplate.java:145) ~[spring-batch-infrastructure-4.2.2.RELEASE.jar:4.2.2.RELEASE]
	at org.springframework.batch.core.step.item.SimpleChunkProvider.provide(SimpleChunkProvider.java:118) ~[spring-batch-core-4.2.2.RELEASE.jar:4.2.2.RELEASE]
	at org.springframework.batch.core.step.item.ChunkOrientedTasklet.execute(ChunkOrientedTasklet.java:71) ~[spring-batch-core-4.2.2.RELEASE.jar:4.2.2.RELEASE]
	at org.springframework.batch.core.step.tasklet.TaskletStep$ChunkTransactionCallback.doInTransaction(TaskletStep.java:407) ~[spring-batch-core-4.2.2.RELEASE.jar:4.2.2.RELEASE]
	at org.springframework.batch.core.step.tasklet.TaskletStep$ChunkTransactionCallback.doInTransaction(TaskletStep.java:331) ~[spring-batch-core-4.2.2.RELEASE.jar:4.2.2.RELEASE]
	at org.springframework.transaction.support.TransactionTemplate.execute(TransactionTemplate.java:140) ~[spring-tx-5.2.6.RELEASE.jar:5.2.6.RELEASE]
	at org.springframework.batch.core.step.tasklet.TaskletStep$2.doInChunkContext(TaskletStep.java:273) ~[spring-batch-core-4.2.2.RELEASE.jar:4.2.2.RELEASE]
	at org.springframework.batch.core.scope.context.StepContextRepeatCallback.doInIteration(StepContextRepeatCallback.java:82) ~[spring-batch-core-4.2.2.RELEASE.jar:4.2.2.RELEASE]
	at org.springframework.batch.repeat.support.RepeatTemplate.getNextResult(RepeatTemplate.java:375) ~[spring-batch-infrastructure-4.2.2.RELEASE.jar:4.2.2.RELEASE]
	at org.springframework.batch.repeat.support.RepeatTemplate.executeInternal(RepeatTemplate.java:215) ~[spring-batch-infrastructure-4.2.2.RELEASE.jar:4.2.2.RELEASE]
	at org.springframework.batch.repeat.support.RepeatTemplate.iterate(RepeatTemplate.java:145) ~[spring-batch-infrastructure-4.2.2.RELEASE.jar:4.2.2.RELEASE]
	at org.springframework.batch.core.step.tasklet.TaskletStep.doExecute(TaskletStep.java:258) ~[spring-batch-core-4.2.2.RELEASE.jar:4.2.2.RELEASE]
	at org.springframework.batch.core.step.AbstractStep.execute(AbstractStep.java:208) [spring-batch-core-4.2.2.RELEASE.jar:4.2.2.RELEASE]
	at org.springframework.batch.core.job.SimpleStepHandler.handleStep(SimpleStepHandler.java:148) [spring-batch-core-4.2.2.RELEASE.jar:4.2.2.RELEASE]
	at org.springframework.batch.core.job.AbstractJob.handleStep(AbstractJob.java:410) [spring-batch-core-4.2.2.RELEASE.jar:4.2.2.RELEASE]
	at org.springframework.batch.core.job.SimpleJob.doExecute(SimpleJob.java:136) [spring-batch-core-4.2.2.RELEASE.jar:4.2.2.RELEASE]
	at org.springframework.batch.core.job.AbstractJob.execute(AbstractJob.java:319) [spring-batch-core-4.2.2.RELEASE.jar:4.2.2.RELEASE]
	at org.springframework.batch.core.launch.support.SimpleJobLauncher$1.run(SimpleJobLauncher.java:147) [spring-batch-core-4.2.2.RELEASE.jar:4.2.2.RELEASE]
	at org.springframework.core.task.SyncTaskExecutor.execute(SyncTaskExecutor.java:50) [spring-core-5.2.6.RELEASE.jar:5.2.6.RELEASE]
	at org.springframework.batch.core.launch.support.SimpleJobLauncher.run(SimpleJobLauncher.java:140) [spring-batch-core-4.2.2.RELEASE.jar:4.2.2.RELEASE]
	at sun.reflect.NativeMethodAccessorImpl.invoke0(Native Method) ~[?:1.8.0_432]
	at sun.reflect.NativeMethodAccessorImpl.invoke(NativeMethodAccessorImpl.java:62) ~[?:1.8.0_432]
	at sun.reflect.DelegatingMethodAccessorImpl.invoke(DelegatingMethodAccessorImpl.java:43) ~[?:1.8.0_432]
	at java.lang.reflect.Method.invoke(Method.java:498) ~[?:1.8.0_432]
	at org.springframework.aop.support.AopUtils.invokeJoinpointUsingReflection(AopUtils.java:344) [spring-aop-5.2.6.RELEASE.jar:5.2.6.RELEASE]
	at org.springframework.aop.framework.ReflectiveMethodInvocation.invokeJoinpoint(ReflectiveMethodInvocation.java:198) [spring-aop-5.2.6.RELEASE.jar:5.2.6.RELEASE]
	at org.springframework.aop.framework.ReflectiveMethodInvocation.proceed(ReflectiveMethodInvocation.java:163) [spring-aop-5.2.6.RELEASE.jar:5.2.6.RELEASE]
	at org.springframework.batch.core.configuration.annotation.SimpleBatchConfiguration$PassthruAdvice.invoke(SimpleBatchConfiguration.java:127) [spring-batch-core-4.2.2.RELEASE.jar:4.2.2.RELEASE]
	at org.springframework.aop.framework.ReflectiveMethodInvocation.proceed(ReflectiveMethodInvocation.java:186) [spring-aop-5.2.6.RELEASE.jar:5.2.6.RELEASE]
	at org.springframework.aop.framework.JdkDynamicAopProxy.invoke(JdkDynamicAopProxy.java:212) [spring-aop-5.2.6.RELEASE.jar:5.2.6.RELEASE]
	at com.sun.proxy.$Proxy60.run(Unknown Source) [?:?]
	at org.springframework.boot.autoconfigure.batch.JobLauncherCommandLineRunner.execute(JobLauncherCommandLineRunner.java:192) [spring-boot-autoconfigure-2.2.7.RELEASE.jar:2.2.7.RELEASE]
	at org.springframework.boot.autoconfigure.batch.JobLauncherCommandLineRunner.executeLocalJobs(JobLauncherCommandLineRunner.java:166) [spring-boot-autoconfigure-2.2.7.RELEASE.jar:2.2.7.RELEASE]
	at org.springframework.boot.autoconfigure.batch.JobLauncherCommandLineRunner.launchJobFromProperties(JobLauncherCommandLineRunner.java:153) [spring-boot-autoconfigure-2.2.7.RELEASE.jar:2.2.7.RELEASE]
	at org.springframework.boot.autoconfigure.batch.JobLauncherCommandLineRunner.run(JobLauncherCommandLineRunner.java:148) [spring-boot-autoconfigure-2.2.7.RELEASE.jar:2.2.7.RELEASE]
	at org.springframework.boot.SpringApplication.callRunner(SpringApplication.java:784) [spring-boot-2.2.7.RELEASE.jar:2.2.7.RELEASE]
	at org.springframework.boot.SpringApplication.callRunners(SpringApplication.java:768) [spring-boot-2.2.7.RELEASE.jar:2.2.7.RELEASE]
	at org.springframework.boot.SpringApplication.run(SpringApplication.java:322) [spring-boot-2.2.7.RELEASE.jar:2.2.7.RELEASE]
	at org.springframework.boot.SpringApplication.run(SpringApplication.java:1226) [spring-boot-2.2.7.RELEASE.jar:2.2.7.RELEASE]
	at org.springframework.boot.SpringApplication.run(SpringApplication.java:1215) [spring-boot-2.2.7.RELEASE.jar:2.2.7.RELEASE]
	at br.com.briansiervi.spring_batch_05_skipexception.SpringBatch05SkipexceptionApplication.main(SpringBatch05SkipexceptionApplication.java:10) [classes/:?]
Caused by: org.springframework.jdbc.UncategorizedSQLException: Attempt to process next row failed; uncategorized SQLException for SQL [select * from cliente]; SQL state [null]; error code [0]; Encerrando a execução - Cliente inválido zeca9@test.com; nested exception is java.sql.SQLException: Encerrando a execução - Cliente inválido zeca9@test.com
	at org.springframework.jdbc.support.AbstractFallbackSQLExceptionTranslator.translate(AbstractFallbackSQLExceptionTranslator.java:89) ~[spring-jdbc-5.2.6.RELEASE.jar:5.2.6.RELEASE]
	at org.springframework.jdbc.support.AbstractFallbackSQLExceptionTranslator.translate(AbstractFallbackSQLExceptionTranslator.java:81) ~[spring-jdbc-5.2.6.RELEASE.jar:5.2.6.RELEASE]
	at org.springframework.jdbc.support.AbstractFallbackSQLExceptionTranslator.translate(AbstractFallbackSQLExceptionTranslator.java:81) ~[spring-jdbc-5.2.6.RELEASE.jar:5.2.6.RELEASE]
	at org.springframework.batch.item.database.AbstractCursorItemReader.doRead(AbstractCursorItemReader.java:485) ~[spring-batch-infrastructure-4.2.2.RELEASE.jar:4.2.2.RELEASE]
	at org.springframework.batch.item.support.AbstractItemCountingItemStreamItemReader.read(AbstractItemCountingItemStreamItemReader.java:93) ~[spring-batch-infrastructure-4.2.2.RELEASE.jar:4.2.2.RELEASE]
	at org.springframework.batch.core.step.item.SimpleChunkProvider.doRead(SimpleChunkProvider.java:99) ~[spring-batch-core-4.2.2.RELEASE.jar:4.2.2.RELEASE]
	at org.springframework.batch.core.step.item.FaultTolerantChunkProvider.read(FaultTolerantChunkProvider.java:87) ~[spring-batch-core-4.2.2.RELEASE.jar:4.2.2.RELEASE]
	... 44 more
Caused by: java.sql.SQLException: Encerrando a execução - Cliente inválido zeca9@test.com
	at br.com.briansiervi.spring_batch_05_skipexception.reader.SkipExceptionReaderConfig$1.mapRow(SkipExceptionReaderConfig.java:37) ~[classes/:?]
	at br.com.briansiervi.spring_batch_05_skipexception.reader.SkipExceptionReaderConfig$1.mapRow(SkipExceptionReaderConfig.java:1) ~[classes/:?]
	at org.springframework.batch.item.database.JdbcCursorItemReader.readCursor(JdbcCursorItemReader.java:141) ~[spring-batch-infrastructure-4.2.2.RELEASE.jar:4.2.2.RELEASE]
	at org.springframework.batch.item.database.AbstractCursorItemReader.doRead(AbstractCursorItemReader.java:480) ~[spring-batch-infrastructure-4.2.2.RELEASE.jar:4.2.2.RELEASE]
	at org.springframework.batch.item.support.AbstractItemCountingItemStreamItemReader.read(AbstractItemCountingItemStreamItemReader.java:93) ~[spring-batch-infrastructure-4.2.2.RELEASE.jar:4.2.2.RELEASE]
	at org.springframework.batch.core.step.item.SimpleChunkProvider.doRead(SimpleChunkProvider.java:99) ~[spring-batch-core-4.2.2.RELEASE.jar:4.2.2.RELEASE]
	at org.springframework.batch.core.step.item.FaultTolerantChunkProvider.read(FaultTolerantChunkProvider.java:87) ~[spring-batch-core-4.2.2.RELEASE.jar:4.2.2.RELEASE]
	... 44 more
2024-12-04 08:54:00,250 INFO o.s.b.c.s.AbstractStep [main] Step: [skipExceptionStep] executed in 191ms
2024-12-04 08:54:00,277 INFO o.s.b.c.l.s.SimpleJobLauncher [main] Job: [SimpleJob: [name=skipExceptionJob]] completed with the following parameters: [{run.id=9, nome=Brian}] and the following status: [FAILED] in 244ms
2024-12-04 08:54:00,286 INFO c.z.h.HikariDataSource [SpringContextShutdownHook] HikariPool-2 - Shutdown initiated...
2024-12-04 08:54:00,319 INFO c.z.h.HikariDataSource [SpringContextShutdownHook] HikariPool-2 - Shutdown completed.
2024-12-04 08:54:00,320 INFO c.z.h.HikariDataSource [SpringContextShutdownHook] HikariPool-1 - Shutdown initiated...
2024-12-04 08:54:00,327 INFO c.z.h.HikariDataSource [SpringContextShutdownHook] HikariPool-1 - Shutdown completed.
2024-12-04 08:54:46,089 INFO b.c.b.s.SpringBatch05SkipexceptionApplication [main] Starting SpringBatch05SkipexceptionApplication on ubuntu2204 with PID 18164 (/home/brian/Documentos/workspace/spring-batch/spring_batch_05_skipexception/target/classes started by brian in /home/brian/Documentos/workspace/spring-batch/spring_batch_05_skipexception)
2024-12-04 08:54:46,096 INFO b.c.b.s.SpringBatch05SkipexceptionApplication [main] No active profile set, falling back to default profiles: default
2024-12-04 08:54:47,044 INFO c.z.h.HikariDataSource [main] HikariPool-1 - Starting...
2024-12-04 08:54:47,637 INFO c.z.h.HikariDataSource [main] HikariPool-1 - Start completed.
2024-12-04 08:54:48,084 INFO o.s.b.c.r.s.JobRepositoryFactoryBean [main] No database type set, using meta data indicating: MYSQL
2024-12-04 08:54:48,309 INFO o.s.b.c.l.s.SimpleJobLauncher [main] No TaskExecutor has been set, defaulting to synchronous executor.
2024-12-04 08:54:48,425 INFO b.c.b.s.SpringBatch05SkipexceptionApplication [main] Started SpringBatch05SkipexceptionApplication in 3.356 seconds (JVM running for 4.617)
2024-12-04 08:54:48,599 INFO o.s.b.c.l.s.SimpleJobLauncher [main] Job: [SimpleJob: [name=skipExceptionJob]] launched with the following parameters: [{run.id=10, nome=Brian}]
2024-12-04 08:54:48,680 INFO o.s.b.c.j.SimpleStepHandler [main] Executing step: [skipExceptionStep]
2024-12-04 08:54:48,691 INFO c.z.h.HikariDataSource [main] HikariPool-2 - Starting...
2024-12-04 08:54:48,725 INFO c.z.h.HikariDataSource [main] HikariPool-2 - Start completed.
2024-12-04 08:54:48,902 INFO o.s.b.c.s.AbstractStep [main] Step: [skipExceptionStep] executed in 221ms
2024-12-04 08:54:48,927 INFO o.s.b.c.l.s.SimpleJobLauncher [main] Job: [SimpleJob: [name=skipExceptionJob]] completed with the following parameters: [{run.id=10, nome=Brian}] and the following status: [COMPLETED] in 284ms
2024-12-04 08:54:48,934 INFO c.z.h.HikariDataSource [SpringContextShutdownHook] HikariPool-2 - Shutdown initiated...
2024-12-04 08:54:48,969 INFO c.z.h.HikariDataSource [SpringContextShutdownHook] HikariPool-2 - Shutdown completed.
2024-12-04 08:54:48,971 INFO c.z.h.HikariDataSource [SpringContextShutdownHook] HikariPool-1 - Shutdown initiated...
2024-12-04 08:54:48,981 INFO c.z.h.HikariDataSource [SpringContextShutdownHook] HikariPool-1 - Shutdown completed.
2024-12-16 08:26:50,898 INFO b.c.b.s.SpringBatch05SkipexceptionApplication [main] Starting SpringBatch05SkipexceptionApplication on ubuntu2204 with PID 56799 (/home/brian/Documentos/workspace/spring-batch/spring_batch_05_skipexception/target/classes started by brian in /home/brian/Documentos/workspace/spring-batch/spring_batch_05_skipexception)
2024-12-16 08:26:50,907 INFO b.c.b.s.SpringBatch05SkipexceptionApplication [main] No active profile set, falling back to default profiles: default
2024-12-16 08:26:51,893 INFO c.z.h.HikariDataSource [main] HikariPool-1 - Starting...
2024-12-16 08:26:52,555 INFO c.z.h.HikariDataSource [main] HikariPool-1 - Start completed.
2024-12-16 08:27:01,603 INFO o.s.b.c.r.s.JobRepositoryFactoryBean [main] No database type set, using meta data indicating: MYSQL
2024-12-16 08:27:01,858 INFO o.s.b.c.l.s.SimpleJobLauncher [main] No TaskExecutor has been set, defaulting to synchronous executor.
2024-12-16 08:27:01,979 INFO b.c.b.s.SpringBatch05SkipexceptionApplication [main] Started SpringBatch05SkipexceptionApplication in 12.235 seconds (JVM running for 13.752)
2024-12-16 08:27:02,130 INFO o.s.b.c.l.s.SimpleJobLauncher [main] Job: [SimpleJob: [name=skipExceptionJob]] launched with the following parameters: [{run.id=11, nome=Brian}]
2024-12-16 08:27:02,211 INFO o.s.b.c.j.SimpleStepHandler [main] Executing step: [skipExceptionStep]
2024-12-16 08:27:02,222 INFO c.z.h.HikariDataSource [main] HikariPool-2 - Starting...
2024-12-16 08:27:02,254 INFO c.z.h.HikariDataSource [main] HikariPool-2 - Start completed.
2024-12-16 08:27:02,440 INFO o.s.b.c.s.AbstractStep [main] Step: [skipExceptionStep] executed in 227ms
2024-12-16 08:27:02,476 INFO o.s.b.c.l.s.SimpleJobLauncher [main] Job: [SimpleJob: [name=skipExceptionJob]] completed with the following parameters: [{run.id=11, nome=Brian}] and the following status: [COMPLETED] in 288ms
2024-12-16 08:27:02,496 INFO c.z.h.HikariDataSource [SpringContextShutdownHook] HikariPool-2 - Shutdown initiated...
2024-12-16 08:27:02,527 INFO c.z.h.HikariDataSource [SpringContextShutdownHook] HikariPool-2 - Shutdown completed.
2024-12-16 08:27:02,533 INFO c.z.h.HikariDataSource [SpringContextShutdownHook] HikariPool-1 - Shutdown initiated...
2024-12-16 08:27:02,563 INFO c.z.h.HikariDataSource [SpringContextShutdownHook] HikariPool-1 - Shutdown completed.
